{
  "stats": {
    "suites": 1,
    "tests": 2,
    "passes": 0,
    "pending": 0,
    "failures": 2,
    "start": "2022-02-21T08:12:59.411Z",
    "end": "2022-02-21T08:13:10.912Z",
    "duration": 11501,
    "testsRegistered": 2,
    "passPercent": 0,
    "pendingPercent": 0,
    "other": 0,
    "hasOther": false,
    "skipped": 0,
    "hasSkipped": false
  },
  "results": [
    {
      "uuid": "9685d13d-6d57-47d3-92e8-9a4c78a52a58",
      "title": "",
      "fullFile": "",
      "file": "",
      "beforeHooks": [],
      "afterHooks": [],
      "tests": [],
      "suites": [
        {
          "uuid": "4409b6c0-fa7d-49e8-b2da-4e48e3d384d1",
          "title": "AbiBus",
          "fullFile": "C:\\Users\\Ravikiran\\OneDrive\\Documents\\QA\\Seleniumjs\\jsfile\\test\\example.js",
          "file": "\\jsfile\\test\\example.js",
          "beforeHooks": [
            {
              "title": "\"before each\" hook in \"AbiBus\"",
              "fullTitle": "AbiBus \"before each\" hook in \"AbiBus\"",
              "timedOut": false,
              "duration": 5823,
              "state": null,
              "speed": null,
              "pass": false,
              "fail": false,
              "pending": false,
              "context": null,
              "code": "return __awaiter(this, void 0, void 0, function* () {\n    bs = new Basepage_1.default();\n    yield bs.startApp('chrome');\n    hp = new HomePage_1.default();\n});",
              "err": {},
              "uuid": "19ebd75e-ba4e-479c-bf3f-3ab88d66c61b",
              "parentUUID": "4409b6c0-fa7d-49e8-b2da-4e48e3d384d1",
              "isHook": true,
              "skipped": false
            }
          ],
          "afterHooks": [
            {
              "title": "\"after each\" hook in \"AbiBus\"",
              "fullTitle": "AbiBus \"after each\" hook in \"AbiBus\"",
              "timedOut": false,
              "duration": 121,
              "state": null,
              "speed": null,
              "pass": false,
              "fail": false,
              "pending": false,
              "context": null,
              "code": "return __awaiter(this, void 0, void 0, function* () {\n    yield bs.endApp();\n});",
              "err": {},
              "uuid": "59dc7c9d-7550-45d7-83ae-4b2377b44b32",
              "parentUUID": "4409b6c0-fa7d-49e8-b2da-4e48e3d384d1",
              "isHook": true,
              "skipped": false
            }
          ],
          "tests": [
            {
              "title": "validate container and page title",
              "fullTitle": "AbiBus validate container and page title",
              "timedOut": false,
              "duration": 1,
              "state": "failed",
              "speed": null,
              "pass": false,
              "fail": true,
              "pending": false,
              "context": null,
              "code": "__awaiter(this, void 0, void 0, function* () {\n            let title = yield hp.getHomePageTitle();\n            chai.expect(\"Book Bus Tickets Online at Lowest Fare, Flat ₹500 Cashback On Bus Booking | AbhiBus\")\n                .eqls(title);\n        })",
              "err": {
                "message": "TypeError: Cannot read properties of undefined (reading 'getTitle')",
                "estack": "TypeError: Cannot read properties of undefined (reading 'getTitle')\n    at HomePage.<anonymous> (jsfile\\POM\\HomePage.js:24:79)\n    at Generator.next (<anonymous>)\n    at C:\\Users\\Ravikiran\\OneDrive\\Documents\\QA\\Seleniumjs\\jsfile\\POM\\HomePage.js:8:71\n    at new Promise (<anonymous>)\n    at __awaiter (jsfile\\POM\\HomePage.js:4:12)\n    at HomePage.getHomePageTitle (jsfile\\POM\\HomePage.js:24:16)\n    at Suite.<anonymous> (jsfile\\test\\example.js:61:34)\n    at Generator.next (<anonymous>)\n    at C:\\Users\\Ravikiran\\OneDrive\\Documents\\QA\\Seleniumjs\\jsfile\\test\\example.js:27:71\n    at new Promise (<anonymous>)\n    at __awaiter (jsfile\\test\\example.js:23:12)\n    at Context.<anonymous> (jsfile\\test\\example.js:60:55)\n    at processTicksAndRejections (node:internal/process/task_queues:96:5)",
                "diff": null
              },
              "uuid": "f9f84d5c-b895-465d-9246-6e9800f15fc4",
              "parentUUID": "4409b6c0-fa7d-49e8-b2da-4e48e3d384d1",
              "isHook": false,
              "skipped": false
            },
            {
              "title": "validate container and page title",
              "fullTitle": "AbiBus validate container and page title",
              "timedOut": false,
              "duration": 0,
              "state": "failed",
              "speed": null,
              "pass": false,
              "fail": true,
              "pending": false,
              "context": null,
              "code": "__awaiter(this, void 0, void 0, function* () {\n            let title = yield hp.getSelectedOption();\n            console.log(title);\n            // chai.expect(\"Book Bus Tickets at Lowest Fare, Flat ₹500 Cashback On Bus Booking | AbhiBus\")\n            //    .eqls(title);\n        })",
              "err": {
                "message": "TypeError: Cannot read properties of undefined (reading 'findElements')",
                "estack": "TypeError: Cannot read properties of undefined (reading 'findElements')\n    at HomePage.<anonymous> (jsfile\\POM\\HomePage.js:29:36)\n    at Generator.next (<anonymous>)\n    at C:\\Users\\Ravikiran\\OneDrive\\Documents\\QA\\Seleniumjs\\jsfile\\POM\\HomePage.js:8:71\n    at new Promise (<anonymous>)\n    at __awaiter (jsfile\\POM\\HomePage.js:4:12)\n    at HomePage.getSelectedOption (jsfile\\POM\\HomePage.js:27:16)\n    at Suite.<anonymous> (jsfile\\test\\example.js:66:34)\n    at Generator.next (<anonymous>)\n    at C:\\Users\\Ravikiran\\OneDrive\\Documents\\QA\\Seleniumjs\\jsfile\\test\\example.js:27:71\n    at new Promise (<anonymous>)\n    at __awaiter (jsfile\\test\\example.js:23:12)\n    at Context.<anonymous> (jsfile\\test\\example.js:65:55)\n    at processTicksAndRejections (node:internal/process/task_queues:96:5)",
                "diff": null
              },
              "uuid": "563c0013-2b17-4e48-99c9-410d919f63ff",
              "parentUUID": "4409b6c0-fa7d-49e8-b2da-4e48e3d384d1",
              "isHook": false,
              "skipped": false
            }
          ],
          "suites": [],
          "passes": [],
          "failures": [
            "f9f84d5c-b895-465d-9246-6e9800f15fc4",
            "563c0013-2b17-4e48-99c9-410d919f63ff"
          ],
          "pending": [],
          "skipped": [],
          "duration": 1,
          "root": false,
          "rootEmpty": false,
          "_timeout": 0
        }
      ],
      "passes": [],
      "failures": [],
      "pending": [],
      "skipped": [],
      "duration": 0,
      "root": true,
      "rootEmpty": true,
      "_timeout": 0
    }
  ],
  "meta": {
    "mocha": {
      "version": "9.2.0"
    },
    "mochawesome": {
      "options": {
        "quiet": false,
        "reportFilename": "mochawesome",
        "saveHtml": true,
        "saveJson": true,
        "consoleReporter": "spec",
        "useInlineDiffs": false,
        "code": true
      },
      "version": "7.0.1"
    },
    "marge": {
      "options": null,
      "version": "6.0.1"
    }
  }
}