{
  "stats": {
    "suites": 1,
    "tests": 2,
    "passes": 1,
    "pending": 0,
    "failures": 1,
    "start": "2022-02-18T01:20:12.339Z",
    "end": "2022-02-18T01:20:26.223Z",
    "duration": 13884,
    "testsRegistered": 2,
    "passPercent": 50,
    "pendingPercent": 0,
    "other": 0,
    "hasOther": false,
    "skipped": 0,
    "hasSkipped": false
  },
  "results": [
    {
      "uuid": "676ea527-3133-443a-9315-d02a267653fa",
      "title": "",
      "fullFile": "",
      "file": "",
      "beforeHooks": [],
      "afterHooks": [],
      "tests": [],
      "suites": [
        {
          "uuid": "6370e315-653b-41b2-867e-83341dbd597c",
          "title": "AbiBus",
          "fullFile": "C:\\Users\\Ravikiran\\OneDrive\\Documents\\QA\\Seleniumjs\\jsfile\\test\\example.js",
          "file": "\\jsfile\\test\\example.js",
          "beforeHooks": [
            {
              "title": "\"before each\" hook in \"AbiBus\"",
              "fullTitle": "AbiBus \"before each\" hook in \"AbiBus\"",
              "timedOut": false,
              "duration": 6570,
              "state": null,
              "speed": null,
              "pass": false,
              "fail": false,
              "pending": false,
              "context": null,
              "code": "return __awaiter(this, void 0, void 0, function* () {\n    const service = new chrome_1.default.ServiceBuilder('driver/chromedriver.exe');\n    driver = new selenium_webdriver_1.Builder().forBrowser(\"chrome\").setChromeService(service).build();\n    // driver = new Builder().usingServer(gridUrl).withCapabilities(capabilities).build();\n    yield driver.manage().window().maximize();\n    yield driver.get(\"https://www.abhibus.com/\");\n});",
              "err": {},
              "uuid": "63d7d43d-4968-4d84-94c7-8100c14254fb",
              "parentUUID": "6370e315-653b-41b2-867e-83341dbd597c",
              "isHook": true,
              "skipped": false
            }
          ],
          "afterHooks": [
            {
              "title": "\"after each\" hook in \"AbiBus\"",
              "fullTitle": "AbiBus \"after each\" hook in \"AbiBus\"",
              "timedOut": false,
              "duration": 103,
              "state": null,
              "speed": null,
              "pass": false,
              "fail": false,
              "pending": false,
              "context": null,
              "code": "return __awaiter(this, void 0, void 0, function* () {\n    yield driver.quit();\n});",
              "err": {},
              "uuid": "cce9e1b2-4ddc-495c-9f9e-5c088f6ab44a",
              "parentUUID": "6370e315-653b-41b2-867e-83341dbd597c",
              "isHook": true,
              "skipped": false
            }
          ],
          "tests": [
            {
              "title": "validate container and page title",
              "fullTitle": "AbiBus validate container and page title",
              "timedOut": false,
              "duration": 50,
              "state": "passed",
              "speed": "medium",
              "pass": true,
              "fail": false,
              "pending": false,
              "context": null,
              "code": "__awaiter(this, void 0, void 0, function* () {\n            let title = yield driver.getTitle();\n            chai.expect(\"Book Bus Tickets Online at Lowest Fare, Flat ₹500 Cashback On Bus Booking | AbhiBus\")\n                .eqls(title);\n        })",
              "err": {},
              "uuid": "8f7c7192-f3bf-4e53-9474-69f3ad0b807c",
              "parentUUID": "6370e315-653b-41b2-867e-83341dbd597c",
              "isHook": false,
              "skipped": false
            },
            {
              "title": "validate container and page title",
              "fullTitle": "AbiBus validate container and page title",
              "timedOut": false,
              "duration": 33,
              "state": "failed",
              "speed": null,
              "pass": false,
              "fail": true,
              "pending": false,
              "context": null,
              "code": "__awaiter(this, void 0, void 0, function* () {\n            let title = yield driver.getTitle();\n            chai.expect(\"Book Bus Tickets at Lowest Fare, Flat ₹500 Cashback On Bus Booking | AbhiBus\")\n                .eqls(title);\n        })",
              "err": {
                "message": "AssertionError: expected 'Book Bus Tickets at Lowest Fare, Flat…' to deeply equal 'Book Bus Tickets Online at Lowest Far…'",
                "estack": "AssertionError: expected 'Book Bus Tickets at Lowest Fare, Flat…' to deeply equal 'Book Bus Tickets Online at Lowest Far…'\n    at Suite.<anonymous> (jsfile\\test\\example.js:68:18)\n    at Generator.next (<anonymous>)\n    at fulfilled (jsfile\\test\\example.js:24:58)\n    at processTicksAndRejections (node:internal/process/task_queues:96:5)",
                "diff": "- Book Bus Tickets at Lowest Fare, Flat ₹500 Cashback On Bus Booking | AbhiBus\n+ Book Bus Tickets Online at Lowest Fare, Flat ₹500 Cashback On Bus Booking | AbhiBus\n"
              },
              "uuid": "c4654ef7-bc80-4eec-97c6-18fdc7d1f85a",
              "parentUUID": "6370e315-653b-41b2-867e-83341dbd597c",
              "isHook": false,
              "skipped": false
            }
          ],
          "suites": [],
          "passes": [
            "8f7c7192-f3bf-4e53-9474-69f3ad0b807c"
          ],
          "failures": [
            "c4654ef7-bc80-4eec-97c6-18fdc7d1f85a"
          ],
          "pending": [],
          "skipped": [],
          "duration": 83,
          "root": false,
          "rootEmpty": false,
          "_timeout": 0
        }
      ],
      "passes": [],
      "failures": [],
      "pending": [],
      "skipped": [],
      "duration": 0,
      "root": true,
      "rootEmpty": true,
      "_timeout": 0
    }
  ],
  "meta": {
    "mocha": {
      "version": "9.2.0"
    },
    "mochawesome": {
      "options": {
        "quiet": false,
        "reportFilename": "mochawesome",
        "saveHtml": true,
        "saveJson": true,
        "consoleReporter": "spec",
        "useInlineDiffs": false,
        "code": true
      },
      "version": "7.0.1"
    },
    "marge": {
      "options": null,
      "version": "6.0.1"
    }
  }
}