{
  "stats": {
    "suites": 1,
    "tests": 2,
    "passes": 2,
    "pending": 0,
    "failures": 0,
    "start": "2022-02-07T01:18:12.259Z",
    "end": "2022-02-07T01:18:29.687Z",
    "duration": 17428,
    "testsRegistered": 2,
    "passPercent": 100,
    "pendingPercent": 0,
    "other": 0,
    "hasOther": false,
    "skipped": 0,
    "hasSkipped": false
  },
  "results": [
    {
      "uuid": "b2ccd303-d3e6-40f9-bddf-3a68a2cc6131",
      "title": "",
      "fullFile": "",
      "file": "",
      "beforeHooks": [],
      "afterHooks": [],
      "tests": [],
      "suites": [
        {
          "uuid": "5c217484-d5ae-4bf0-a4a4-1bcad24eab2d",
          "title": "Google",
          "fullFile": "C:\\Users\\Ravikiran\\OneDrive\\Documents\\Seleniumjs\\jsfile\\test\\example.js",
          "file": "\\jsfile\\test\\example.js",
          "beforeHooks": [
            {
              "title": "\"before each\" hook in \"Google\"",
              "fullTitle": "Google \"before each\" hook in \"Google\"",
              "timedOut": false,
              "duration": 2458,
              "state": null,
              "speed": null,
              "pass": false,
              "fail": false,
              "pending": false,
              "context": null,
              "code": "return __awaiter(this, void 0, void 0, function* () {\n    const service = new chrome_1.default.ServiceBuilder('driver/chromedriver.exe');\n    driver = new selenium_webdriver_1.Builder().forBrowser(\"chrome\").setChromeService(service).build();\n    // driver = new Builder().usingServer(gridUrl).withCapabilities(capabilities).build();\n    yield driver.manage().window().maximize();\n    yield driver.get(\"https://www.google.com/?gws_rd=ssl\");\n});",
              "err": {},
              "uuid": "a9e13f68-0860-48cc-b576-d86be7b96878",
              "parentUUID": "5c217484-d5ae-4bf0-a4a4-1bcad24eab2d",
              "isHook": true,
              "skipped": false
            }
          ],
          "afterHooks": [
            {
              "title": "\"after each\" hook in \"Google\"",
              "fullTitle": "Google \"after each\" hook in \"Google\"",
              "timedOut": false,
              "duration": 59,
              "state": null,
              "speed": null,
              "pass": false,
              "fail": false,
              "pending": false,
              "context": null,
              "code": "return __awaiter(this, void 0, void 0, function* () {\n    yield driver.quit();\n});",
              "err": {},
              "uuid": "8784766a-a08d-460f-bba9-ebdbcfe7fe26",
              "parentUUID": "5c217484-d5ae-4bf0-a4a4-1bcad24eab2d",
              "isHook": true,
              "skipped": false
            }
          ],
          "tests": [
            {
              "title": "Goole Haome",
              "fullTitle": "Google Goole Haome",
              "timedOut": false,
              "duration": 10,
              "state": "passed",
              "speed": "fast",
              "pass": true,
              "fail": false,
              "pending": false,
              "context": null,
              "code": "return __awaiter(this, void 0, void 0, function* () {\n    let title = yield driver.getTitle();\n    driver.takeScreenshot().then((image) => {\n        require('fs')\n            .writeFile('screenshot/one.png', image, 'base64', (err) => { console.log(err); });\n    });\n    chai.expect(\"Google\").to.eqls(title);\n});",
              "err": {},
              "uuid": "936a2a05-23ea-4a7f-8f1d-0f6b3bd459ba",
              "parentUUID": "5c217484-d5ae-4bf0-a4a4-1bcad24eab2d",
              "isHook": false,
              "skipped": false
            },
            {
              "title": "Goole News",
              "fullTitle": "Google Goole News",
              "timedOut": false,
              "duration": 12278,
              "state": "passed",
              "speed": "slow",
              "pass": true,
              "fail": false,
              "pending": false,
              "context": null,
              "code": "return __awaiter(this, void 0, void 0, function* () {\n    yield driver.findElement(selenium_webdriver_1.By.name('q')).sendKeys(\"News\");\n    yield driver.findElement(selenium_webdriver_1.By.name('q')).sendKeys(selenium_webdriver_1.Key.ENTER);\n    let title = yield driver.getTitle();\n    chai.expect(\"News - Google Search\").to.eqls(title);\n    let list = yield driver.findElements(selenium_webdriver_1.By.partialLinkText(\"https://\"));\n    list.forEach((s) => __awaiter(this, void 0, void 0, function* () {\n        let url = yield s.getAttribute(\"href\");\n        if (url.includes(\"news.google\")) {\n            console.log(url);\n        }\n        yield driver\n            .executeScript(\"arguments[0].style.backgroundColor='yellow'\", s);\n        yield driver.wait(() => __awaiter(this, void 0, void 0, function* () { return ((yield s.getCssValue(\"backgroundColor\")) === \"yellow\"); }), 3000);\n        yield s.click();\n        // await driver.navigate().to(\"https://news.google.co.in/\");\n    }));\n    yield driver.sleep(10000);\n    title = yield driver.getTitle();\n    chai.expect(\"News - Google Search\").to.eqls(title);\n});",
              "err": {},
              "uuid": "9129cefc-73eb-4413-9a67-dea4175f5a7e",
              "parentUUID": "5c217484-d5ae-4bf0-a4a4-1bcad24eab2d",
              "isHook": false,
              "skipped": false
            }
          ],
          "suites": [],
          "passes": [
            "936a2a05-23ea-4a7f-8f1d-0f6b3bd459ba",
            "9129cefc-73eb-4413-9a67-dea4175f5a7e"
          ],
          "failures": [],
          "pending": [],
          "skipped": [],
          "duration": 12288,
          "root": false,
          "rootEmpty": false,
          "_timeout": 0
        }
      ],
      "passes": [],
      "failures": [],
      "pending": [],
      "skipped": [],
      "duration": 0,
      "root": true,
      "rootEmpty": true,
      "_timeout": 0
    }
  ],
  "meta": {
    "mocha": {
      "version": "9.2.0"
    },
    "mochawesome": {
      "options": {
        "quiet": false,
        "reportFilename": "mochawesome",
        "saveHtml": true,
        "saveJson": true,
        "consoleReporter": "spec",
        "useInlineDiffs": false,
        "code": true
      },
      "version": "7.0.1"
    },
    "marge": {
      "options": null,
      "version": "6.0.1"
    }
  }
}